** Daemonized, any open files are closed.  Look at log/mongrel.pid and log/mongrel.log for info.
** Starting Mongrel listening at 0.0.0.0:80
/usr/lib/ruby/1.8/mongrel/tcphack.rb:12:in `initialize_without_backlog': Permission denied - bind(2) (Errno::EACCES)
	from /usr/lib/ruby/1.8/mongrel/tcphack.rb:12:in `initialize'
	from /usr/lib/ruby/1.8/mongrel.rb:93:in `new'
	from /usr/lib/ruby/1.8/mongrel.rb:93:in `initialize'
	from /usr/lib/ruby/1.8/mongrel/configurator.rb:139:in `new'
	from /usr/lib/ruby/1.8/mongrel/configurator.rb:139:in `listener'
	from /usr/bin/mongrel_rails:100:in `cloaker_'
	from /usr/lib/ruby/1.8/mongrel/configurator.rb:50:in `call'
	from /usr/lib/ruby/1.8/mongrel/configurator.rb:50:in `initialize'
	from /usr/bin/mongrel_rails:85:in `new'
	from /usr/bin/mongrel_rails:85:in `run'
	from /usr/lib/ruby/1.8/mongrel/command.rb:212:in `run'
	from /usr/bin/mongrel_rails:282
** Daemonized, any open files are closed.  Look at log/mongrel.pid and log/mongrel.log for info.
** Starting Mongrel listening at 0.0.0.0:3443
** Starting Rails with test environment...
/var/argus_development/hidro-copy/config/boot.rb:26:Warning: Gem::SourceIndex#search support for String patterns is deprecated
DEPRECATION WARNING: server_settings has been renamed smtp_settings, this warning will be removed with rails 2.0  See http://www.rubyonrails.org/deprecation for details. (called from /var/argus_development/hidro-copy/config/environment.rb:78)
** Rails loaded.
** Loading any Rails specific GemPlugins
** Signals ready.  TERM => stop.  USR2 => restart.  INT => stop (no restart).
** Rails signals registered.  HUP => reload (without restart).  It might not work well.
** Mongrel 1.1.5 available at 0.0.0.0:3443
** Writing PID file to log/mongrel.pid
DEPRECATION WARNING: end_form_tag is deprecated and will be removed from Rails 2.0  See http://www.rubyonrails.org/deprecation for details. (called from _run_rhtml_47app47views47contactenos47enviarComentario46rhtml at /var/argus_development/hidro-copy/config/../app/views/contactenos/enviarComentario.rhtml:15)
DEPRECATION WARNING: end_form_tag is deprecated and will be removed from Rails 2.0  See http://www.rubyonrails.org/deprecation for details. (called from _run_rhtml_47app47views47contactenos47enviarComentario46rhtml at /var/argus_development/hidro-copy/config/../app/views/contactenos/enviarComentario.rhtml:15)
** TERM signal received.
** Daemonized, any open files are closed.  Look at log/mongrel.pid and log/mongrel.log for info.
** Starting Mongrel listening at 0.0.0.0:3443
** Starting Rails with production environment...
/var/argus_development/hidro-copy/config/boot.rb:26:Warning: Gem::SourceIndex#search support for String patterns is deprecated
Rails Error: Unable to access log file. Please ensure that /var/argus_development/hidro-copy/config/../log/production.log exists and is chmod 0666. The log level has been raised to WARN and the output directed to STDERR until the problem is fixed.
** Rails loaded.
** Loading any Rails specific GemPlugins
** Signals ready.  TERM => stop.  USR2 => restart.  INT => stop (no restart).
** Rails signals registered.  HUP => reload (without restart).  It might not work well.
** Mongrel 1.1.5 available at 0.0.0.0:3443
** Writing PID file to log/mongrel.pid


Errno::ENOENT (No such file or directory - /tmp/mysql.sock):
    /var/lib/gems/1.8/gems/activerecord-1.15.3/lib/active_record/vendor/mysql.rb:107:in `initialize'
    /var/lib/gems/1.8/gems/activerecord-1.15.3/lib/active_record/vendor/mysql.rb:107:in `new'
    /var/lib/gems/1.8/gems/activerecord-1.15.3/lib/active_record/vendor/mysql.rb:107:in `real_connect'
    /var/lib/gems/1.8/gems/activerecord-1.15.3/lib/active_record/connection_adapters/mysql_adapter.rb:389:in `connect'
    /var/lib/gems/1.8/gems/activerecord-1.15.3/lib/active_record/connection_adapters/mysql_adapter.rb:152:in `initialize'
    /var/lib/gems/1.8/gems/activerecord-1.15.3/lib/active_record/connection_adapters/mysql_adapter.rb:82:in `new'
    /var/lib/gems/1.8/gems/activerecord-1.15.3/lib/active_record/connection_adapters/mysql_adapter.rb:82:in `mysql_connection'
    /var/lib/gems/1.8/gems/activerecord-1.15.3/lib/active_record/connection_adapters/abstract/connection_specification.rb:262:in `send'
    /var/lib/gems/1.8/gems/activerecord-1.15.3/lib/active_record/connection_adapters/abstract/connection_specification.rb:262:in `connection_without_query_cache='
    /var/lib/gems/1.8/gems/activerecord-1.15.3/lib/active_record/query_cache.rb:54:in `connection='
    /var/lib/gems/1.8/gems/activerecord-1.15.3/lib/active_record/connection_adapters/abstract/connection_specification.rb:230:in `retrieve_connection'
    /var/lib/gems/1.8/gems/activerecord-1.15.3/lib/active_record/connection_adapters/abstract/connection_specification.rb:78:in `connection'
    /var/lib/gems/1.8/gems/activerecord-1.15.3/lib/active_record/base.rb:427:in `find_by_sql'
    /app/controllers/consultasfisicas_controller.rb:8:in `listarOpc'
    /var/lib/gems/1.8/gems/actionpack-1.13.3/lib/action_controller/base.rb:1095:in `send'
    /var/lib/gems/1.8/gems/actionpack-1.13.3/lib/action_controller/base.rb:1095:in `perform_action_without_filters'
    /var/lib/gems/1.8/gems/actionpack-1.13.3/lib/action_controller/filters.rb:632:in `call_filter'
    /var/lib/gems/1.8/gems/actionpack-1.13.3/lib/action_controller/filters.rb:634:in `call_filter'
    /var/lib/gems/1.8/gems/actionpack-1.13.3/lib/action_controller/filters.rb:638:in `call_filter'
    /var/lib/gems/1.8/gems/actionpack-1.13.3/lib/action_controller/filters.rb:438:in `call'
    /var/lib/gems/1.8/gems/actionpack-1.13.3/lib/action_controller/filters.rb:637:in `call_filter'
    /var/lib/gems/1.8/gems/actionpack-1.13.3/lib/action_controller/filters.rb:619:in `perform_action_without_benchmark'
    /var/lib/gems/1.8/gems/actionpack-1.13.3/lib/action_controller/benchmarking.rb:66:in `perform_action_without_rescue'
    /usr/lib/ruby/1.8/benchmark.rb:293:in `measure'
    /var/lib/gems/1.8/gems/actionpack-1.13.3/lib/action_controller/benchmarking.rb:66:in `perform_action_without_rescue'
    /var/lib/gems/1.8/gems/actionpack-1.13.3/lib/action_controller/rescue.rb:83:in `perform_action'
    /var/lib/gems/1.8/gems/actionpack-1.13.3/lib/action_controller/base.rb:430:in `send'
    /var/lib/gems/1.8/gems/actionpack-1.13.3/lib/action_controller/base.rb:430:in `process_without_filters'
    /var/lib/gems/1.8/gems/actionpack-1.13.3/lib/action_controller/filters.rb:624:in `process_without_session_management_support'
    /var/lib/gems/1.8/gems/actionpack-1.13.3/lib/action_controller/session_management.rb:114:in `process'
    /var/lib/gems/1.8/gems/actionpack-1.13.3/lib/action_controller/base.rb:330:in `process'
    /home/luis/.gem/ruby/1.8/gems/rails-1.2.3/lib/dispatcher.rb:41:in `dispatch'
    /usr/lib/ruby/1.8/mongrel/rails.rb:76:in `process'
    /usr/lib/ruby/1.8/mongrel/rails.rb:74:in `synchronize'
    /usr/lib/ruby/1.8/mongrel/rails.rb:74:in `process'
    /usr/lib/ruby/1.8/mongrel.rb:159:in `process_client'
    /usr/lib/ruby/1.8/mongrel.rb:158:in `each'
    /usr/lib/ruby/1.8/mongrel.rb:158:in `process_client'
    /usr/lib/ruby/1.8/mongrel.rb:285:in `run'
    /usr/lib/ruby/1.8/mongrel.rb:285:in `initialize'
    /usr/lib/ruby/1.8/mongrel.rb:285:in `new'
    /usr/lib/ruby/1.8/mongrel.rb:285:in `run'
    /usr/lib/ruby/1.8/mongrel.rb:268:in `initialize'
    /usr/lib/ruby/1.8/mongrel.rb:268:in `new'
    /usr/lib/ruby/1.8/mongrel.rb:268:in `run'
    /usr/lib/ruby/1.8/mongrel/configurator.rb:282:in `run'
    /usr/lib/ruby/1.8/mongrel/configurator.rb:281:in `each'
    /usr/lib/ruby/1.8/mongrel/configurator.rb:281:in `run'
    /usr/bin/mongrel_rails:129:in `run'
    /usr/lib/ruby/1.8/mongrel/command.rb:212:in `run'
    /usr/bin/mongrel_rails:282


** TERM signal received.
** Daemonized, any open files are closed.  Look at log/mongrel.pid and log/mongrel.log for info.
** Starting Mongrel listening at 0.0.0.0:80
/usr/lib/ruby/1.8/mongrel/tcphack.rb:12:in `initialize_without_backlog': Permission denied - bind(2) (Errno::EACCES)
	from /usr/lib/ruby/1.8/mongrel/tcphack.rb:12:in `initialize'
	from /usr/lib/ruby/1.8/mongrel.rb:93:in `new'
	from /usr/lib/ruby/1.8/mongrel.rb:93:in `initialize'
	from /usr/lib/ruby/1.8/mongrel/configurator.rb:139:in `new'
	from /usr/lib/ruby/1.8/mongrel/configurator.rb:139:in `listener'
	from /usr/bin/mongrel_rails:100:in `cloaker_'
	from /usr/lib/ruby/1.8/mongrel/configurator.rb:50:in `call'
	from /usr/lib/ruby/1.8/mongrel/configurator.rb:50:in `initialize'
	from /usr/bin/mongrel_rails:85:in `new'
	from /usr/bin/mongrel_rails:85:in `run'
	from /usr/lib/ruby/1.8/mongrel/command.rb:212:in `run'
	from /usr/bin/mongrel_rails:282
** Daemonized, any open files are closed.  Look at log/mongrel.pid and log/mongrel.log for info.
** Starting Mongrel listening at 0.0.0.0:3443
** Starting Rails with production environment...
/var/argus_development/hidro-copy/config/boot.rb:26:Warning: Gem::SourceIndex#search support for String patterns is deprecated
Rails Error: Unable to access log file. Please ensure that /var/argus_development/hidro-copy/config/../log/production.log exists and is chmod 0666. The log level has been raised to WARN and the output directed to STDERR until the problem is fixed.
** Rails loaded.
** Loading any Rails specific GemPlugins
** Signals ready.  TERM => stop.  USR2 => restart.  INT => stop (no restart).
** Rails signals registered.  HUP => reload (without restart).  It might not work well.
** Mongrel 1.1.5 available at 0.0.0.0:3443
** Writing PID file to log/mongrel.pid


Errno::ENOENT (No such file or directory - /tmp/mysql.sock):
    /var/lib/gems/1.8/gems/activerecord-1.15.3/lib/active_record/vendor/mysql.rb:107:in `initialize'
    /var/lib/gems/1.8/gems/activerecord-1.15.3/lib/active_record/vendor/mysql.rb:107:in `new'
    /var/lib/gems/1.8/gems/activerecord-1.15.3/lib/active_record/vendor/mysql.rb:107:in `real_connect'
    /var/lib/gems/1.8/gems/activerecord-1.15.3/lib/active_record/connection_adapters/mysql_adapter.rb:389:in `connect'
    /var/lib/gems/1.8/gems/activerecord-1.15.3/lib/active_record/connection_adapters/mysql_adapter.rb:152:in `initialize'
    /var/lib/gems/1.8/gems/activerecord-1.15.3/lib/active_record/connection_adapters/mysql_adapter.rb:82:in `new'
    /var/lib/gems/1.8/gems/activerecord-1.15.3/lib/active_record/connection_adapters/mysql_adapter.rb:82:in `mysql_connection'
    /var/lib/gems/1.8/gems/activerecord-1.15.3/lib/active_record/connection_adapters/abstract/connection_specification.rb:262:in `send'
    /var/lib/gems/1.8/gems/activerecord-1.15.3/lib/active_record/connection_adapters/abstract/connection_specification.rb:262:in `connection_without_query_cache='
    /var/lib/gems/1.8/gems/activerecord-1.15.3/lib/active_record/query_cache.rb:54:in `connection='
    /var/lib/gems/1.8/gems/activerecord-1.15.3/lib/active_record/connection_adapters/abstract/connection_specification.rb:230:in `retrieve_connection'
    /var/lib/gems/1.8/gems/activerecord-1.15.3/lib/active_record/connection_adapters/abstract/connection_specification.rb:78:in `connection'
    /var/lib/gems/1.8/gems/activerecord-1.15.3/lib/active_record/base.rb:427:in `find_by_sql'
    /app/controllers/consultasfisicas_controller.rb:8:in `listarOpc'
    /var/lib/gems/1.8/gems/actionpack-1.13.3/lib/action_controller/base.rb:1095:in `send'
    /var/lib/gems/1.8/gems/actionpack-1.13.3/lib/action_controller/base.rb:1095:in `perform_action_without_filters'
    /var/lib/gems/1.8/gems/actionpack-1.13.3/lib/action_controller/filters.rb:632:in `call_filter'
    /var/lib/gems/1.8/gems/actionpack-1.13.3/lib/action_controller/filters.rb:634:in `call_filter'
    /var/lib/gems/1.8/gems/actionpack-1.13.3/lib/action_controller/filters.rb:638:in `call_filter'
    /var/lib/gems/1.8/gems/actionpack-1.13.3/lib/action_controller/filters.rb:438:in `call'
    /var/lib/gems/1.8/gems/actionpack-1.13.3/lib/action_controller/filters.rb:637:in `call_filter'
    /var/lib/gems/1.8/gems/actionpack-1.13.3/lib/action_controller/filters.rb:619:in `perform_action_without_benchmark'
    /var/lib/gems/1.8/gems/actionpack-1.13.3/lib/action_controller/benchmarking.rb:66:in `perform_action_without_rescue'
    /usr/lib/ruby/1.8/benchmark.rb:293:in `measure'
    /var/lib/gems/1.8/gems/actionpack-1.13.3/lib/action_controller/benchmarking.rb:66:in `perform_action_without_rescue'
    /var/lib/gems/1.8/gems/actionpack-1.13.3/lib/action_controller/rescue.rb:83:in `perform_action'
    /var/lib/gems/1.8/gems/actionpack-1.13.3/lib/action_controller/base.rb:430:in `send'
    /var/lib/gems/1.8/gems/actionpack-1.13.3/lib/action_controller/base.rb:430:in `process_without_filters'
    /var/lib/gems/1.8/gems/actionpack-1.13.3/lib/action_controller/filters.rb:624:in `process_without_session_management_support'
    /var/lib/gems/1.8/gems/actionpack-1.13.3/lib/action_controller/session_management.rb:114:in `process'
    /var/lib/gems/1.8/gems/actionpack-1.13.3/lib/action_controller/base.rb:330:in `process'
    /home/luis/.gem/ruby/1.8/gems/rails-1.2.3/lib/dispatcher.rb:41:in `dispatch'
    /usr/lib/ruby/1.8/mongrel/rails.rb:76:in `process'
    /usr/lib/ruby/1.8/mongrel/rails.rb:74:in `synchronize'
    /usr/lib/ruby/1.8/mongrel/rails.rb:74:in `process'
    /usr/lib/ruby/1.8/mongrel.rb:159:in `process_client'
    /usr/lib/ruby/1.8/mongrel.rb:158:in `each'
    /usr/lib/ruby/1.8/mongrel.rb:158:in `process_client'
    /usr/lib/ruby/1.8/mongrel.rb:285:in `run'
    /usr/lib/ruby/1.8/mongrel.rb:285:in `initialize'
    /usr/lib/ruby/1.8/mongrel.rb:285:in `new'
    /usr/lib/ruby/1.8/mongrel.rb:285:in `run'
    /usr/lib/ruby/1.8/mongrel.rb:268:in `initialize'
    /usr/lib/ruby/1.8/mongrel.rb:268:in `new'
    /usr/lib/ruby/1.8/mongrel.rb:268:in `run'
    /usr/lib/ruby/1.8/mongrel/configurator.rb:282:in `run'
    /usr/lib/ruby/1.8/mongrel/configurator.rb:281:in `each'
    /usr/lib/ruby/1.8/mongrel/configurator.rb:281:in `run'
    /usr/bin/mongrel_rails:129:in `run'
    /usr/lib/ruby/1.8/mongrel/command.rb:212:in `run'
    /usr/bin/mongrel_rails:282




Errno::ENOENT (No such file or directory - /tmp/mysql.sock):
    /var/lib/gems/1.8/gems/activerecord-1.15.3/lib/active_record/vendor/mysql.rb:107:in `initialize'
    /var/lib/gems/1.8/gems/activerecord-1.15.3/lib/active_record/vendor/mysql.rb:107:in `new'
    /var/lib/gems/1.8/gems/activerecord-1.15.3/lib/active_record/vendor/mysql.rb:107:in `real_connect'
    /var/lib/gems/1.8/gems/activerecord-1.15.3/lib/active_record/connection_adapters/mysql_adapter.rb:389:in `connect'
    /var/lib/gems/1.8/gems/activerecord-1.15.3/lib/active_record/connection_adapters/mysql_adapter.rb:152:in `initialize'
    /var/lib/gems/1.8/gems/activerecord-1.15.3/lib/active_record/connection_adapters/mysql_adapter.rb:82:in `new'
    /var/lib/gems/1.8/gems/activerecord-1.15.3/lib/active_record/connection_adapters/mysql_adapter.rb:82:in `mysql_connection'
    /var/lib/gems/1.8/gems/activerecord-1.15.3/lib/active_record/connection_adapters/abstract/connection_specification.rb:262:in `send'
    /var/lib/gems/1.8/gems/activerecord-1.15.3/lib/active_record/connection_adapters/abstract/connection_specification.rb:262:in `connection_without_query_cache='
    /var/lib/gems/1.8/gems/activerecord-1.15.3/lib/active_record/query_cache.rb:54:in `connection='
    /var/lib/gems/1.8/gems/activerecord-1.15.3/lib/active_record/connection_adapters/abstract/connection_specification.rb:230:in `retrieve_connection'
    /var/lib/gems/1.8/gems/activerecord-1.15.3/lib/active_record/connection_adapters/abstract/connection_specification.rb:78:in `connection'
    /var/lib/gems/1.8/gems/activerecord-1.15.3/lib/active_record/base.rb:427:in `find_by_sql'
    /app/controllers/consultasfisicas_controller.rb:8:in `listarOpc'
    /var/lib/gems/1.8/gems/actionpack-1.13.3/lib/action_controller/base.rb:1095:in `send'
    /var/lib/gems/1.8/gems/actionpack-1.13.3/lib/action_controller/base.rb:1095:in `perform_action_without_filters'
    /var/lib/gems/1.8/gems/actionpack-1.13.3/lib/action_controller/filters.rb:632:in `call_filter'
    /var/lib/gems/1.8/gems/actionpack-1.13.3/lib/action_controller/filters.rb:634:in `call_filter'
    /var/lib/gems/1.8/gems/actionpack-1.13.3/lib/action_controller/filters.rb:638:in `call_filter'
    /var/lib/gems/1.8/gems/actionpack-1.13.3/lib/action_controller/filters.rb:438:in `call'
    /var/lib/gems/1.8/gems/actionpack-1.13.3/lib/action_controller/filters.rb:637:in `call_filter'
    /var/lib/gems/1.8/gems/actionpack-1.13.3/lib/action_controller/filters.rb:619:in `perform_action_without_benchmark'
    /var/lib/gems/1.8/gems/actionpack-1.13.3/lib/action_controller/benchmarking.rb:66:in `perform_action_without_rescue'
    /usr/lib/ruby/1.8/benchmark.rb:293:in `measure'
    /var/lib/gems/1.8/gems/actionpack-1.13.3/lib/action_controller/benchmarking.rb:66:in `perform_action_without_rescue'
    /var/lib/gems/1.8/gems/actionpack-1.13.3/lib/action_controller/rescue.rb:83:in `perform_action'
    /var/lib/gems/1.8/gems/actionpack-1.13.3/lib/action_controller/base.rb:430:in `send'
    /var/lib/gems/1.8/gems/actionpack-1.13.3/lib/action_controller/base.rb:430:in `process_without_filters'
    /var/lib/gems/1.8/gems/actionpack-1.13.3/lib/action_controller/filters.rb:624:in `process_without_session_management_support'
    /var/lib/gems/1.8/gems/actionpack-1.13.3/lib/action_controller/session_management.rb:114:in `process'
    /var/lib/gems/1.8/gems/actionpack-1.13.3/lib/action_controller/base.rb:330:in `process'
    /home/luis/.gem/ruby/1.8/gems/rails-1.2.3/lib/dispatcher.rb:41:in `dispatch'
    /usr/lib/ruby/1.8/mongrel/rails.rb:76:in `process'
    /usr/lib/ruby/1.8/mongrel/rails.rb:74:in `synchronize'
    /usr/lib/ruby/1.8/mongrel/rails.rb:74:in `process'
    /usr/lib/ruby/1.8/mongrel.rb:159:in `process_client'
    /usr/lib/ruby/1.8/mongrel.rb:158:in `each'
    /usr/lib/ruby/1.8/mongrel.rb:158:in `process_client'
    /usr/lib/ruby/1.8/mongrel.rb:285:in `run'
    /usr/lib/ruby/1.8/mongrel.rb:285:in `initialize'
    /usr/lib/ruby/1.8/mongrel.rb:285:in `new'
    /usr/lib/ruby/1.8/mongrel.rb:285:in `run'
    /usr/lib/ruby/1.8/mongrel.rb:268:in `initialize'
    /usr/lib/ruby/1.8/mongrel.rb:268:in `new'
    /usr/lib/ruby/1.8/mongrel.rb:268:in `run'
    /usr/lib/ruby/1.8/mongrel/configurator.rb:282:in `run'
    /usr/lib/ruby/1.8/mongrel/configurator.rb:281:in `each'
    /usr/lib/ruby/1.8/mongrel/configurator.rb:281:in `run'
    /usr/bin/mongrel_rails:129:in `run'
    /usr/lib/ruby/1.8/mongrel/command.rb:212:in `run'
    /usr/bin/mongrel_rails:282




Errno::ENOENT (No such file or directory - /tmp/mysql.sock):
    /var/lib/gems/1.8/gems/activerecord-1.15.3/lib/active_record/vendor/mysql.rb:107:in `initialize'
    /var/lib/gems/1.8/gems/activerecord-1.15.3/lib/active_record/vendor/mysql.rb:107:in `new'
    /var/lib/gems/1.8/gems/activerecord-1.15.3/lib/active_record/vendor/mysql.rb:107:in `real_connect'
    /var/lib/gems/1.8/gems/activerecord-1.15.3/lib/active_record/connection_adapters/mysql_adapter.rb:389:in `connect'
    /var/lib/gems/1.8/gems/activerecord-1.15.3/lib/active_record/connection_adapters/mysql_adapter.rb:152:in `initialize'
    /var/lib/gems/1.8/gems/activerecord-1.15.3/lib/active_record/connection_adapters/mysql_adapter.rb:82:in `new'
    /var/lib/gems/1.8/gems/activerecord-1.15.3/lib/active_record/connection_adapters/mysql_adapter.rb:82:in `mysql_connection'
    /var/lib/gems/1.8/gems/activerecord-1.15.3/lib/active_record/connection_adapters/abstract/connection_specification.rb:262:in `send'
    /var/lib/gems/1.8/gems/activerecord-1.15.3/lib/active_record/connection_adapters/abstract/connection_specification.rb:262:in `connection_without_query_cache='
    /var/lib/gems/1.8/gems/activerecord-1.15.3/lib/active_record/query_cache.rb:54:in `connection='
    /var/lib/gems/1.8/gems/activerecord-1.15.3/lib/active_record/connection_adapters/abstract/connection_specification.rb:230:in `retrieve_connection'
    /var/lib/gems/1.8/gems/activerecord-1.15.3/lib/active_record/connection_adapters/abstract/connection_specification.rb:78:in `connection'
    /var/lib/gems/1.8/gems/activerecord-1.15.3/lib/active_record/base.rb:1139:in `add_limit!'
    /var/lib/gems/1.8/gems/activerecord-1.15.3/lib/active_record/base.rb:1101:in `construct_finder_sql'
    /var/lib/gems/1.8/gems/activerecord-1.15.3/lib/active_record/base.rb:997:in `find_every'
    /var/lib/gems/1.8/gems/activerecord-1.15.3/lib/active_record/base.rb:418:in `find'
    /app/controllers/vinculotag_controller.rb:161:in `busquedavinculos'
    /var/lib/gems/1.8/gems/actionpack-1.13.3/lib/action_controller/base.rb:1095:in `send'
    /var/lib/gems/1.8/gems/actionpack-1.13.3/lib/action_controller/base.rb:1095:in `perform_action_without_filters'
    /var/lib/gems/1.8/gems/actionpack-1.13.3/lib/action_controller/filters.rb:632:in `call_filter'
    /var/lib/gems/1.8/gems/actionpack-1.13.3/lib/action_controller/filters.rb:634:in `call_filter'
    /var/lib/gems/1.8/gems/actionpack-1.13.3/lib/action_controller/filters.rb:638:in `call_filter'
    /var/lib/gems/1.8/gems/actionpack-1.13.3/lib/action_controller/filters.rb:438:in `call'
    /var/lib/gems/1.8/gems/actionpack-1.13.3/lib/action_controller/filters.rb:637:in `call_filter'
    /var/lib/gems/1.8/gems/actionpack-1.13.3/lib/action_controller/filters.rb:619:in `perform_action_without_benchmark'
    /var/lib/gems/1.8/gems/actionpack-1.13.3/lib/action_controller/benchmarking.rb:66:in `perform_action_without_rescue'
    /usr/lib/ruby/1.8/benchmark.rb:293:in `measure'
    /var/lib/gems/1.8/gems/actionpack-1.13.3/lib/action_controller/benchmarking.rb:66:in `perform_action_without_rescue'
    /var/lib/gems/1.8/gems/actionpack-1.13.3/lib/action_controller/rescue.rb:83:in `perform_action'
    /var/lib/gems/1.8/gems/actionpack-1.13.3/lib/action_controller/base.rb:430:in `send'
    /var/lib/gems/1.8/gems/actionpack-1.13.3/lib/action_controller/base.rb:430:in `process_without_filters'
    /var/lib/gems/1.8/gems/actionpack-1.13.3/lib/action_controller/filters.rb:624:in `process_without_session_management_support'
    /var/lib/gems/1.8/gems/actionpack-1.13.3/lib/action_controller/session_management.rb:114:in `process'
    /var/lib/gems/1.8/gems/actionpack-1.13.3/lib/action_controller/base.rb:330:in `process'
    /home/luis/.gem/ruby/1.8/gems/rails-1.2.3/lib/dispatcher.rb:41:in `dispatch'
    /usr/lib/ruby/1.8/mongrel/rails.rb:76:in `process'
    /usr/lib/ruby/1.8/mongrel/rails.rb:74:in `synchronize'
    /usr/lib/ruby/1.8/mongrel/rails.rb:74:in `process'
    /usr/lib/ruby/1.8/mongrel.rb:159:in `process_client'
    /usr/lib/ruby/1.8/mongrel.rb:158:in `each'
    /usr/lib/ruby/1.8/mongrel.rb:158:in `process_client'
    /usr/lib/ruby/1.8/mongrel.rb:285:in `run'
    /usr/lib/ruby/1.8/mongrel.rb:285:in `initialize'
    /usr/lib/ruby/1.8/mongrel.rb:285:in `new'
    /usr/lib/ruby/1.8/mongrel.rb:285:in `run'
    /usr/lib/ruby/1.8/mongrel.rb:268:in `initialize'
    /usr/lib/ruby/1.8/mongrel.rb:268:in `new'
    /usr/lib/ruby/1.8/mongrel.rb:268:in `run'
    /usr/lib/ruby/1.8/mongrel/configurator.rb:282:in `run'
    /usr/lib/ruby/1.8/mongrel/configurator.rb:281:in `each'
    /usr/lib/ruby/1.8/mongrel/configurator.rb:281:in `run'
    /usr/bin/mongrel_rails:129:in `run'
    /usr/lib/ruby/1.8/mongrel/command.rb:212:in `run'
    /usr/bin/mongrel_rails:282




Errno::ENOENT (No such file or directory - /tmp/mysql.sock):
    /var/lib/gems/1.8/gems/activerecord-1.15.3/lib/active_record/vendor/mysql.rb:107:in `initialize'
    /var/lib/gems/1.8/gems/activerecord-1.15.3/lib/active_record/vendor/mysql.rb:107:in `new'
    /var/lib/gems/1.8/gems/activerecord-1.15.3/lib/active_record/vendor/mysql.rb:107:in `real_connect'
    /var/lib/gems/1.8/gems/activerecord-1.15.3/lib/active_record/connection_adapters/mysql_adapter.rb:389:in `connect'
    /var/lib/gems/1.8/gems/activerecord-1.15.3/lib/active_record/connection_adapters/mysql_adapter.rb:152:in `initialize'
    /var/lib/gems/1.8/gems/activerecord-1.15.3/lib/active_record/connection_adapters/mysql_adapter.rb:82:in `new'
    /var/lib/gems/1.8/gems/activerecord-1.15.3/lib/active_record/connection_adapters/mysql_adapter.rb:82:in `mysql_connection'
    /var/lib/gems/1.8/gems/activerecord-1.15.3/lib/active_record/connection_adapters/abstract/connection_specification.rb:262:in `send'
    /var/lib/gems/1.8/gems/activerecord-1.15.3/lib/active_record/connection_adapters/abstract/connection_specification.rb:262:in `connection_without_query_cache='
    /var/lib/gems/1.8/gems/activerecord-1.15.3/lib/active_record/query_cache.rb:54:in `connection='
    /var/lib/gems/1.8/gems/activerecord-1.15.3/lib/active_record/connection_adapters/abstract/connection_specification.rb:230:in `retrieve_connection'
    /var/lib/gems/1.8/gems/activerecord-1.15.3/lib/active_record/connection_adapters/abstract/connection_specification.rb:78:in `connection'
    /var/lib/gems/1.8/gems/activerecord-1.15.3/lib/active_record/base.rb:427:in `find_by_sql'
    /app/controllers/consultasfisicas_controller.rb:8:in `listarOpc'
    /var/lib/gems/1.8/gems/actionpack-1.13.3/lib/action_controller/base.rb:1095:in `send'
    /var/lib/gems/1.8/gems/actionpack-1.13.3/lib/action_controller/base.rb:1095:in `perform_action_without_filters'
    /var/lib/gems/1.8/gems/actionpack-1.13.3/lib/action_controller/filters.rb:632:in `call_filter'
    /var/lib/gems/1.8/gems/actionpack-1.13.3/lib/action_controller/filters.rb:634:in `call_filter'
    /var/lib/gems/1.8/gems/actionpack-1.13.3/lib/action_controller/filters.rb:638:in `call_filter'
    /var/lib/gems/1.8/gems/actionpack-1.13.3/lib/action_controller/filters.rb:438:in `call'
    /var/lib/gems/1.8/gems/actionpack-1.13.3/lib/action_controller/filters.rb:637:in `call_filter'
    /var/lib/gems/1.8/gems/actionpack-1.13.3/lib/action_controller/filters.rb:619:in `perform_action_without_benchmark'
    /var/lib/gems/1.8/gems/actionpack-1.13.3/lib/action_controller/benchmarking.rb:66:in `perform_action_without_rescue'
    /usr/lib/ruby/1.8/benchmark.rb:293:in `measure'
    /var/lib/gems/1.8/gems/actionpack-1.13.3/lib/action_controller/benchmarking.rb:66:in `perform_action_without_rescue'
    /var/lib/gems/1.8/gems/actionpack-1.13.3/lib/action_controller/rescue.rb:83:in `perform_action'
    /var/lib/gems/1.8/gems/actionpack-1.13.3/lib/action_controller/base.rb:430:in `send'
    /var/lib/gems/1.8/gems/actionpack-1.13.3/lib/action_controller/base.rb:430:in `process_without_filters'
    /var/lib/gems/1.8/gems/actionpack-1.13.3/lib/action_controller/filters.rb:624:in `process_without_session_management_support'
    /var/lib/gems/1.8/gems/actionpack-1.13.3/lib/action_controller/session_management.rb:114:in `process'
    /var/lib/gems/1.8/gems/actionpack-1.13.3/lib/action_controller/base.rb:330:in `process'
    /home/luis/.gem/ruby/1.8/gems/rails-1.2.3/lib/dispatcher.rb:41:in `dispatch'
    /usr/lib/ruby/1.8/mongrel/rails.rb:76:in `process'
    /usr/lib/ruby/1.8/mongrel/rails.rb:74:in `synchronize'
    /usr/lib/ruby/1.8/mongrel/rails.rb:74:in `process'
    /usr/lib/ruby/1.8/mongrel.rb:159:in `process_client'
    /usr/lib/ruby/1.8/mongrel.rb:158:in `each'
    /usr/lib/ruby/1.8/mongrel.rb:158:in `process_client'
    /usr/lib/ruby/1.8/mongrel.rb:285:in `run'
    /usr/lib/ruby/1.8/mongrel.rb:285:in `initialize'
    /usr/lib/ruby/1.8/mongrel.rb:285:in `new'
    /usr/lib/ruby/1.8/mongrel.rb:285:in `run'
    /usr/lib/ruby/1.8/mongrel.rb:268:in `initialize'
    /usr/lib/ruby/1.8/mongrel.rb:268:in `new'
    /usr/lib/ruby/1.8/mongrel.rb:268:in `run'
    /usr/lib/ruby/1.8/mongrel/configurator.rb:282:in `run'
    /usr/lib/ruby/1.8/mongrel/configurator.rb:281:in `each'
    /usr/lib/ruby/1.8/mongrel/configurator.rb:281:in `run'
    /usr/bin/mongrel_rails:129:in `run'
    /usr/lib/ruby/1.8/mongrel/command.rb:212:in `run'
    /usr/bin/mongrel_rails:282


** TERM signal received.
** Daemonized, any open files are closed.  Look at log/mongrel.pid and log/mongrel.log for info.
** Starting Mongrel listening at 0.0.0.0:3443
** Starting Rails with development environment...
/var/argus_development/hidro-copy/config/boot.rb:26:Warning: Gem::SourceIndex#search support for String patterns is deprecated
** Rails loaded.
** Loading any Rails specific GemPlugins
** Signals ready.  TERM => stop.  USR2 => restart.  INT => stop (no restart).
** Rails signals registered.  HUP => reload (without restart).  It might not work well.
** Mongrel 1.1.5 available at 0.0.0.0:3443
** Writing PID file to log/mongrel.pid
** TERM signal received.
** Daemonized, any open files are closed.  Look at log/mongrel.pid and log/mongrel.log for info.
** Starting Mongrel listening at 0.0.0.0:3443
** Starting Rails with development environment...
/var/argus_development/argushidro/trunk/config/boot.rb:26:Warning: Gem::SourceIndex#search support for String patterns is deprecated
** Rails loaded.
** Loading any Rails specific GemPlugins
** Signals ready.  TERM => stop.  USR2 => restart.  INT => stop (no restart).
** Rails signals registered.  HUP => reload (without restart).  It might not work well.
** Mongrel 1.1.5 available at 0.0.0.0:3443
** Writing PID file to log/mongrel.pid
** TERM signal received.
** Daemonized, any open files are closed.  Look at log/mongrel.pid and log/mongrel.log for info.
** Starting Mongrel listening at 0.0.0.0:3443
** Starting Rails with development environment...
/var/argus_development/argushidro/trunk/config/boot.rb:26:Warning: Gem::SourceIndex#search support for String patterns is deprecated
** Rails loaded.
** Loading any Rails specific GemPlugins
** Signals ready.  TERM => stop.  USR2 => restart.  INT => stop (no restart).
** Rails signals registered.  HUP => reload (without restart).  It might not work well.
** Mongrel 1.1.5 available at 0.0.0.0:3443
** Writing PID file to log/mongrel.pid
** Daemonized, any open files are closed.  Look at log/mongrel.pid and log/mongrel.log for info.
** Starting Mongrel listening at 0.0.0.0:3443
** Starting Rails with development environment...
/var/argus_development/argushidro/trunk/config/boot.rb:26:Warning: Gem::SourceIndex#search support for String patterns is deprecated
** Rails loaded.
** Loading any Rails specific GemPlugins
** Signals ready.  TERM => stop.  USR2 => restart.  INT => stop (no restart).
** Rails signals registered.  HUP => reload (without restart).  It might not work well.
** Mongrel 1.1.5 available at 0.0.0.0:3443
** Writing PID file to log/mongrel.pid
** TERM signal received.
** Daemonized, any open files are closed.  Look at log/mongrel.pid and log/mongrel.log for info.
** Starting Mongrel listening at 0.0.0.0:3443
** Starting Rails with development environment...
/var/argus_development/argushidro/trunk/config/boot.rb:26:Warning: Gem::SourceIndex#search support for String patterns is deprecated
** Rails loaded.
** Loading any Rails specific GemPlugins
** Signals ready.  TERM => stop.  USR2 => restart.  INT => stop (no restart).
** Rails signals registered.  HUP => reload (without restart).  It might not work well.
** Mongrel 1.1.5 available at 0.0.0.0:3443
** Writing PID file to log/mongrel.pid
** TERM signal received.
** Daemonized, any open files are closed.  Look at log/mongrel.pid and log/mongrel.log for info.
** Starting Mongrel listening at 0.0.0.0:3443
** Starting Rails with development environment...
/var/argus_development/argushidro/trunk/config/boot.rb:26:Warning: Gem::SourceIndex#search support for String patterns is deprecated
** Rails loaded.
** Loading any Rails specific GemPlugins
** Signals ready.  TERM => stop.  USR2 => restart.  INT => stop (no restart).
** Rails signals registered.  HUP => reload (without restart).  It might not work well.
** Mongrel 1.1.5 available at 0.0.0.0:3443
** Writing PID file to log/mongrel.pid
** TERM signal received.
** Daemonized, any open files are closed.  Look at log/mongrel.pid and log/mongrel.log for info.
** Starting Mongrel listening at 0.0.0.0:3443
** Starting Rails with development environment...
/var/argus_development/argushidro/trunk/config/boot.rb:26:Warning: Gem::SourceIndex#search support for String patterns is deprecated
** Rails loaded.
** Loading any Rails specific GemPlugins
** Signals ready.  TERM => stop.  USR2 => restart.  INT => stop (no restart).
** Rails signals registered.  HUP => reload (without restart).  It might not work well.
** Mongrel 1.1.5 available at 0.0.0.0:3443
** Writing PID file to log/mongrel.pid
WARNING:  there is already a transaction in progress
** TERM signal received.
** Daemonized, any open files are closed.  Look at log/mongrel.pid and log/mongrel.log for info.
** Starting Mongrel listening at 0.0.0.0:3443
** Starting Rails with development environment...
/var/argus_development/argushidro/trunk/config/boot.rb:26:Warning: Gem::SourceIndex#search support for String patterns is deprecated
** Rails loaded.
** Loading any Rails specific GemPlugins
** Signals ready.  TERM => stop.  USR2 => restart.  INT => stop (no restart).
** Rails signals registered.  HUP => reload (without restart).  It might not work well.
** Mongrel 1.1.5 available at 0.0.0.0:3443
** Writing PID file to log/mongrel.pid
** TERM signal received.
** Daemonized, any open files are closed.  Look at log/mongrel.pid and log/mongrel.log for info.
** Starting Mongrel listening at 0.0.0.0:3443
** Starting Rails with development environment...
/var/argus_development/argushidro/trunk/config/boot.rb:26:Warning: Gem::SourceIndex#search support for String patterns is deprecated
** Rails loaded.
** Loading any Rails specific GemPlugins
** Signals ready.  TERM => stop.  USR2 => restart.  INT => stop (no restart).
** Rails signals registered.  HUP => reload (without restart).  It might not work well.
** Mongrel 1.1.5 available at 0.0.0.0:3443
** Writing PID file to log/mongrel.pid
** TERM signal received.
** Daemonized, any open files are closed.  Look at log/mongrel.pid and log/mongrel.log for info.
** Starting Mongrel listening at 0.0.0.0:3443
** Starting Rails with development environment...
/var/argus_development/argushidro/trunk/config/boot.rb:26:Warning: Gem::SourceIndex#search support for String patterns is deprecated
** Rails loaded.
** Loading any Rails specific GemPlugins
** Signals ready.  TERM => stop.  USR2 => restart.  INT => stop (no restart).
** Rails signals registered.  HUP => reload (without restart).  It might not work well.
** Mongrel 1.1.5 available at 0.0.0.0:3443
** Writing PID file to log/mongrel.pid
** TERM signal received.
** Daemonized, any open files are closed.  Look at log/mongrel.pid and log/mongrel.log for info.
** Starting Mongrel listening at 0.0.0.0:3443
** Starting Rails with development environment...
/var/argus_development/argushidro/trunk/config/boot.rb:26:Warning: Gem::SourceIndex#search support for String patterns is deprecated
** Rails loaded.
** Loading any Rails specific GemPlugins
** Signals ready.  TERM => stop.  USR2 => restart.  INT => stop (no restart).
** Rails signals registered.  HUP => reload (without restart).  It might not work well.
** Mongrel 1.1.5 available at 0.0.0.0:3443
** Writing PID file to log/mongrel.pid
** TERM signal received.
** Daemonized, any open files are closed.  Look at log/mongrel.pid and log/mongrel.log for info.
** Starting Mongrel listening at 0.0.0.0:3443
** Starting Rails with development environment...
/var/argus_development/argushidro/trunk/config/boot.rb:26:Warning: Gem::SourceIndex#search support for String patterns is deprecated
** Rails loaded.
** Loading any Rails specific GemPlugins
** Signals ready.  TERM => stop.  USR2 => restart.  INT => stop (no restart).
** Rails signals registered.  HUP => reload (without restart).  It might not work well.
** Mongrel 1.1.5 available at 0.0.0.0:3443
** Writing PID file to log/mongrel.pid
** TERM signal received.
** Daemonized, any open files are closed.  Look at log/mongrel.pid and log/mongrel.log for info.
** Starting Mongrel listening at 0.0.0.0:3443
** Starting Rails with development environment...
/var/argus_development/argushidro/trunk/config/boot.rb:26:Warning: Gem::SourceIndex#search support for String patterns is deprecated
** Rails loaded.
** Loading any Rails specific GemPlugins
** Signals ready.  TERM => stop.  USR2 => restart.  INT => stop (no restart).
** Rails signals registered.  HUP => reload (without restart).  It might not work well.
** Mongrel 1.1.5 available at 0.0.0.0:3443
** Writing PID file to log/mongrel.pid
** TERM signal received.
** Daemonized, any open files are closed.  Look at log/mongrel.pid and log/mongrel.log for info.
** Starting Mongrel listening at 0.0.0.0:3443
** Starting Rails with development environment...
/var/argus_development/argushidro/trunk/config/boot.rb:26:Warning: Gem::SourceIndex#search support for String patterns is deprecated
** Rails loaded.
** Loading any Rails specific GemPlugins
** Signals ready.  TERM => stop.  USR2 => restart.  INT => stop (no restart).
** Rails signals registered.  HUP => reload (without restart).  It might not work well.
** Mongrel 1.1.5 available at 0.0.0.0:3443
** Writing PID file to log/mongrel.pid
** TERM signal received.
** Daemonized, any open files are closed.  Look at log/mongrel.pid and log/mongrel.log for info.
** Starting Mongrel listening at 0.0.0.0:3443
** Starting Rails with development environment...
/var/argus_development/argushidro/trunk/config/boot.rb:26:Warning: Gem::SourceIndex#search support for String patterns is deprecated
** Rails loaded.
** Loading any Rails specific GemPlugins
** Signals ready.  TERM => stop.  USR2 => restart.  INT => stop (no restart).
** Rails signals registered.  HUP => reload (without restart).  It might not work well.
** Mongrel 1.1.5 available at 0.0.0.0:3443
** Writing PID file to log/mongrel.pid
** TERM signal received.
** Daemonized, any open files are closed.  Look at log/mongrel.pid and log/mongrel.log for info.
** Starting Mongrel listening at 0.0.0.0:3443
** Starting Rails with development environment...
/var/argus_development/argushidro/trunk/config/boot.rb:26:Warning: Gem::SourceIndex#search support for String patterns is deprecated
** Rails loaded.
** Loading any Rails specific GemPlugins
** Signals ready.  TERM => stop.  USR2 => restart.  INT => stop (no restart).
** Rails signals registered.  HUP => reload (without restart).  It might not work well.
** Mongrel 1.1.5 available at 0.0.0.0:3443
** Writing PID file to log/mongrel.pid
waka
3333333
3333333
13
13
13
13
13
13
nil
13
13
13
13
#<Solicitudreporte:0xb6e9b004>
** TERM signal received.
** Daemonized, any open files are closed.  Look at log/mongrel.pid and log/mongrel.log for info.
** Starting Mongrel listening at 0.0.0.0:3443
** Starting Rails with development environment...
/var/argus_development/argushidro/trunk/config/boot.rb:26:Warning: Gem::SourceIndex#search support for String patterns is deprecated
** Rails loaded.
** Loading any Rails specific GemPlugins
** Signals ready.  TERM => stop.  USR2 => restart.  INT => stop (no restart).
** Rails signals registered.  HUP => reload (without restart).  It might not work well.
** Mongrel 1.1.5 available at 0.0.0.0:3443
** Writing PID file to log/mongrel.pid
/var/argus_development/argushidro/trunk/config/../app/views/account/index.rhtml:77: warning: else without rescue is useless
** TERM signal received.
** Daemonized, any open files are closed.  Look at log/mongrel.pid and log/mongrel.log for info.
** Starting Mongrel listening at 0.0.0.0:3443
** Starting Rails with development environment...
/var/argus_development/argushidro/trunk/config/boot.rb:26:Warning: Gem::SourceIndex#search support for String patterns is deprecated
/var/argus_development/argushidro/trunk/config/../vendor/plugins/activewarehouse/lib/active_warehouse.rb:33:in `alias_method': undefined method `require_gem' for module `Kernel' (NameError)
	from /var/argus_development/argushidro/trunk/config/../vendor/plugins/activewarehouse/lib/active_warehouse.rb:33:in `send'
	from /var/argus_development/argushidro/trunk/config/../vendor/plugins/activewarehouse/lib/active_warehouse.rb:33
	from /usr/lib/ruby/1.8/rubygems/custom_require.rb:31:in `gem_original_require'
	from /usr/lib/ruby/1.8/rubygems/custom_require.rb:31:in `require'
	from /var/lib/gems/1.8/gems/activesupport-1.4.2/lib/active_support/dependencies.rb:495:in `require'
	from /var/lib/gems/1.8/gems/activesupport-1.4.2/lib/active_support/dependencies.rb:342:in `new_constants_in'
	from /var/lib/gems/1.8/gems/activesupport-1.4.2/lib/active_support/dependencies.rb:495:in `require'
	from /var/argus_development/argushidro/trunk/config/../vendor/plugins/activewarehouse/init.rb:1:in `load_plugin'
	from /home/luis/.gem/ruby/1.8/gems/rails-1.2.3/lib/initializer.rb:401:in `load_plugin'
	from /var/lib/gems/1.8/gems/activesupport-1.4.2/lib/active_support/core_ext/kernel/reporting.rb:11:in `silence_warnings'
	from /home/luis/.gem/ruby/1.8/gems/rails-1.2.3/lib/initializer.rb:401:in `load_plugin'
	from /home/luis/.gem/ruby/1.8/gems/rails-1.2.3/lib/initializer.rb:185:in `load_plugins'
	from /home/luis/.gem/ruby/1.8/gems/rails-1.2.3/lib/initializer.rb:185:in `each'
	from /home/luis/.gem/ruby/1.8/gems/rails-1.2.3/lib/initializer.rb:185:in `load_plugins'
	from /home/luis/.gem/ruby/1.8/gems/rails-1.2.3/lib/initializer.rb:105:in `process'
	from /home/luis/.gem/ruby/1.8/gems/rails-1.2.3/lib/initializer.rb:43:in `send'
	from /home/luis/.gem/ruby/1.8/gems/rails-1.2.3/lib/initializer.rb:43:in `run'
	from /var/argus_development/argushidro/trunk/config/environment.rb:14
	from /usr/lib/ruby/1.8/rubygems/custom_require.rb:31:in `gem_original_require'
	from /usr/lib/ruby/1.8/rubygems/custom_require.rb:31:in `require'
	from /usr/lib/ruby/1.8/mongrel/rails.rb:147:in `rails'
	from /usr/bin/mongrel_rails:114:in `cloaker_'
	from /usr/lib/ruby/1.8/mongrel/configurator.rb:149:in `call'
	from /usr/lib/ruby/1.8/mongrel/configurator.rb:149:in `listener'
	from /usr/bin/mongrel_rails:100:in `cloaker_'
	from /usr/lib/ruby/1.8/mongrel/configurator.rb:50:in `call'
	from /usr/lib/ruby/1.8/mongrel/configurator.rb:50:in `initialize'
	from /usr/bin/mongrel_rails:85:in `new'
	from /usr/bin/mongrel_rails:85:in `run'
	from /usr/lib/ruby/1.8/mongrel/command.rb:212:in `run'
	from /usr/bin/mongrel_rails:282
** Daemonized, any open files are closed.  Look at log/mongrel.pid and log/mongrel.log for info.
** Starting Mongrel listening at 0.0.0.0:3443
** Starting Rails with development environment...
/var/argus_development/argushidro/trunk/config/boot.rb:26:Warning: Gem::SourceIndex#search support for String patterns is deprecated
/var/argus_development/argushidro/trunk/config/../vendor/plugins/activewarehouse/lib/active_warehouse.rb:33:in `alias_method': undefined method `require_gem' for module `Kernel' (NameError)
	from /var/argus_development/argushidro/trunk/config/../vendor/plugins/activewarehouse/lib/active_warehouse.rb:33:in `send'
	from /var/argus_development/argushidro/trunk/config/../vendor/plugins/activewarehouse/lib/active_warehouse.rb:33
	from /usr/lib/ruby/1.8/rubygems/custom_require.rb:31:in `gem_original_require'
	from /usr/lib/ruby/1.8/rubygems/custom_require.rb:31:in `require'
	from /var/lib/gems/1.8/gems/activesupport-1.4.2/lib/active_support/dependencies.rb:495:in `require'
	from /var/lib/gems/1.8/gems/activesupport-1.4.2/lib/active_support/dependencies.rb:342:in `new_constants_in'
	from /var/lib/gems/1.8/gems/activesupport-1.4.2/lib/active_support/dependencies.rb:495:in `require'
	from /var/argus_development/argushidro/trunk/config/../vendor/plugins/activewarehouse/init.rb:1:in `load_plugin'
	from /home/luis/.gem/ruby/1.8/gems/rails-1.2.3/lib/initializer.rb:401:in `load_plugin'
	from /var/lib/gems/1.8/gems/activesupport-1.4.2/lib/active_support/core_ext/kernel/reporting.rb:11:in `silence_warnings'
	from /home/luis/.gem/ruby/1.8/gems/rails-1.2.3/lib/initializer.rb:401:in `load_plugin'
	from /home/luis/.gem/ruby/1.8/gems/rails-1.2.3/lib/initializer.rb:185:in `load_plugins'
	from /home/luis/.gem/ruby/1.8/gems/rails-1.2.3/lib/initializer.rb:185:in `each'
	from /home/luis/.gem/ruby/1.8/gems/rails-1.2.3/lib/initializer.rb:185:in `load_plugins'
	from /home/luis/.gem/ruby/1.8/gems/rails-1.2.3/lib/initializer.rb:105:in `process'
	from /home/luis/.gem/ruby/1.8/gems/rails-1.2.3/lib/initializer.rb:43:in `send'
	from /home/luis/.gem/ruby/1.8/gems/rails-1.2.3/lib/initializer.rb:43:in `run'
	from /var/argus_development/argushidro/trunk/config/environment.rb:14
	from /usr/lib/ruby/1.8/rubygems/custom_require.rb:31:in `gem_original_require'
	from /usr/lib/ruby/1.8/rubygems/custom_require.rb:31:in `require'
	from /usr/lib/ruby/1.8/mongrel/rails.rb:147:in `rails'
	from /usr/bin/mongrel_rails:114:in `cloaker_'
	from /usr/lib/ruby/1.8/mongrel/configurator.rb:149:in `call'
	from /usr/lib/ruby/1.8/mongrel/configurator.rb:149:in `listener'
	from /usr/bin/mongrel_rails:100:in `cloaker_'
	from /usr/lib/ruby/1.8/mongrel/configurator.rb:50:in `call'
	from /usr/lib/ruby/1.8/mongrel/configurator.rb:50:in `initialize'
	from /usr/bin/mongrel_rails:85:in `new'
	from /usr/bin/mongrel_rails:85:in `run'
	from /usr/lib/ruby/1.8/mongrel/command.rb:212:in `run'
	from /usr/bin/mongrel_rails:282
** Daemonized, any open files are closed.  Look at log/mongrel.pid and log/mongrel.log for info.
** Starting Mongrel listening at 0.0.0.0:3443
** Starting Rails with development environment...
/var/argus_development/argushidro/trunk/config/boot.rb:26:Warning: Gem::SourceIndex#search support for String patterns is deprecated
/var/argus_development/argushidro/trunk/config/../vendor/plugins/activewarehouse/lib/active_warehouse.rb:33:in `alias_method': undefined method `require_gem' for module `Kernel' (NameError)
	from /var/argus_development/argushidro/trunk/config/../vendor/plugins/activewarehouse/lib/active_warehouse.rb:33:in `send'
	from /var/argus_development/argushidro/trunk/config/../vendor/plugins/activewarehouse/lib/active_warehouse.rb:33
	from /usr/lib/ruby/1.8/rubygems/custom_require.rb:31:in `gem_original_require'
	from /usr/lib/ruby/1.8/rubygems/custom_require.rb:31:in `require'
	from /var/lib/gems/1.8/gems/activesupport-1.4.2/lib/active_support/dependencies.rb:495:in `require'
	from /var/lib/gems/1.8/gems/activesupport-1.4.2/lib/active_support/dependencies.rb:342:in `new_constants_in'
	from /var/lib/gems/1.8/gems/activesupport-1.4.2/lib/active_support/dependencies.rb:495:in `require'
	from /var/argus_development/argushidro/trunk/config/../vendor/plugins/activewarehouse/init.rb:1:in `load_plugin'
	from /home/luis/.gem/ruby/1.8/gems/rails-1.2.3/lib/initializer.rb:401:in `load_plugin'
	from /var/lib/gems/1.8/gems/activesupport-1.4.2/lib/active_support/core_ext/kernel/reporting.rb:11:in `silence_warnings'
	from /home/luis/.gem/ruby/1.8/gems/rails-1.2.3/lib/initializer.rb:401:in `load_plugin'
	from /home/luis/.gem/ruby/1.8/gems/rails-1.2.3/lib/initializer.rb:185:in `load_plugins'
	from /home/luis/.gem/ruby/1.8/gems/rails-1.2.3/lib/initializer.rb:185:in `each'
	from /home/luis/.gem/ruby/1.8/gems/rails-1.2.3/lib/initializer.rb:185:in `load_plugins'
	from /home/luis/.gem/ruby/1.8/gems/rails-1.2.3/lib/initializer.rb:105:in `process'
	from /home/luis/.gem/ruby/1.8/gems/rails-1.2.3/lib/initializer.rb:43:in `send'
	from /home/luis/.gem/ruby/1.8/gems/rails-1.2.3/lib/initializer.rb:43:in `run'
	from /var/argus_development/argushidro/trunk/config/environment.rb:14
	from /usr/lib/ruby/1.8/rubygems/custom_require.rb:31:in `gem_original_require'
	from /usr/lib/ruby/1.8/rubygems/custom_require.rb:31:in `require'
	from /usr/lib/ruby/1.8/mongrel/rails.rb:147:in `rails'
	from /usr/bin/mongrel_rails:114:in `cloaker_'
	from /usr/lib/ruby/1.8/mongrel/configurator.rb:149:in `call'
	from /usr/lib/ruby/1.8/mongrel/configurator.rb:149:in `listener'
	from /usr/bin/mongrel_rails:100:in `cloaker_'
	from /usr/lib/ruby/1.8/mongrel/configurator.rb:50:in `call'
	from /usr/lib/ruby/1.8/mongrel/configurator.rb:50:in `initialize'
	from /usr/bin/mongrel_rails:85:in `new'
	from /usr/bin/mongrel_rails:85:in `run'
	from /usr/lib/ruby/1.8/mongrel/command.rb:212:in `run'
	from /usr/bin/mongrel_rails:282
** Daemonized, any open files are closed.  Look at log/mongrel.pid and log/mongrel.log for info.
** Starting Mongrel listening at 0.0.0.0:3443
** Starting Rails with development environment...
/var/argus_development/argushidro/trunk/config/boot.rb:26:Warning: Gem::SourceIndex#search support for String patterns is deprecated
/var/argus_development/argushidro/trunk/config/../vendor/plugins/activewarehouse/lib/active_warehouse.rb:33:in `alias_method': undefined method `require_gem' for module `Kernel' (NameError)
	from /var/argus_development/argushidro/trunk/config/../vendor/plugins/activewarehouse/lib/active_warehouse.rb:33:in `send'
	from /var/argus_development/argushidro/trunk/config/../vendor/plugins/activewarehouse/lib/active_warehouse.rb:33
	from /usr/lib/ruby/1.8/rubygems/custom_require.rb:31:in `gem_original_require'
	from /usr/lib/ruby/1.8/rubygems/custom_require.rb:31:in `require'
	from /var/lib/gems/1.8/gems/activesupport-1.4.2/lib/active_support/dependencies.rb:495:in `require'
	from /var/lib/gems/1.8/gems/activesupport-1.4.2/lib/active_support/dependencies.rb:342:in `new_constants_in'
	from /var/lib/gems/1.8/gems/activesupport-1.4.2/lib/active_support/dependencies.rb:495:in `require'
	from /var/argus_development/argushidro/trunk/config/../vendor/plugins/activewarehouse/init.rb:1:in `load_plugin'
	from /home/luis/.gem/ruby/1.8/gems/rails-1.2.3/lib/initializer.rb:401:in `load_plugin'
	from /var/lib/gems/1.8/gems/activesupport-1.4.2/lib/active_support/core_ext/kernel/reporting.rb:11:in `silence_warnings'
	from /home/luis/.gem/ruby/1.8/gems/rails-1.2.3/lib/initializer.rb:401:in `load_plugin'
	from /home/luis/.gem/ruby/1.8/gems/rails-1.2.3/lib/initializer.rb:185:in `load_plugins'
	from /home/luis/.gem/ruby/1.8/gems/rails-1.2.3/lib/initializer.rb:185:in `each'
	from /home/luis/.gem/ruby/1.8/gems/rails-1.2.3/lib/initializer.rb:185:in `load_plugins'
	from /home/luis/.gem/ruby/1.8/gems/rails-1.2.3/lib/initializer.rb:105:in `process'
	from /home/luis/.gem/ruby/1.8/gems/rails-1.2.3/lib/initializer.rb:43:in `send'
	from /home/luis/.gem/ruby/1.8/gems/rails-1.2.3/lib/initializer.rb:43:in `run'
	from /var/argus_development/argushidro/trunk/config/environment.rb:14
	from /usr/lib/ruby/1.8/rubygems/custom_require.rb:31:in `gem_original_require'
	from /usr/lib/ruby/1.8/rubygems/custom_require.rb:31:in `require'
	from /usr/lib/ruby/1.8/mongrel/rails.rb:147:in `rails'
	from /usr/bin/mongrel_rails:114:in `cloaker_'
	from /usr/lib/ruby/1.8/mongrel/configurator.rb:149:in `call'
	from /usr/lib/ruby/1.8/mongrel/configurator.rb:149:in `listener'
	from /usr/bin/mongrel_rails:100:in `cloaker_'
	from /usr/lib/ruby/1.8/mongrel/configurator.rb:50:in `call'
	from /usr/lib/ruby/1.8/mongrel/configurator.rb:50:in `initialize'
	from /usr/bin/mongrel_rails:85:in `new'
	from /usr/bin/mongrel_rails:85:in `run'
	from /usr/lib/ruby/1.8/mongrel/command.rb:212:in `run'
	from /usr/bin/mongrel_rails:282
** Daemonized, any open files are closed.  Look at log/mongrel.pid and log/mongrel.log for info.
** Starting Mongrel listening at 0.0.0.0:3443
** Starting Rails with development environment...
/var/argus_development/argushidro/trunk/config/boot.rb:26:Warning: Gem::SourceIndex#search support for String patterns is deprecated
/var/argus_development/argushidro/trunk/config/../vendor/plugins/activewarehouse/lib/active_warehouse.rb:33:in `alias_method': undefined method `require_gem' for module `Kernel' (NameError)
	from /var/argus_development/argushidro/trunk/config/../vendor/plugins/activewarehouse/lib/active_warehouse.rb:33:in `send'
	from /var/argus_development/argushidro/trunk/config/../vendor/plugins/activewarehouse/lib/active_warehouse.rb:33
	from /usr/lib/ruby/1.8/rubygems/custom_require.rb:31:in `gem_original_require'
	from /usr/lib/ruby/1.8/rubygems/custom_require.rb:31:in `require'
	from /var/lib/gems/1.8/gems/activesupport-1.4.2/lib/active_support/dependencies.rb:495:in `require'
	from /var/lib/gems/1.8/gems/activesupport-1.4.2/lib/active_support/dependencies.rb:342:in `new_constants_in'
	from /var/lib/gems/1.8/gems/activesupport-1.4.2/lib/active_support/dependencies.rb:495:in `require'
	from /var/argus_development/argushidro/trunk/config/../vendor/plugins/activewarehouse/init.rb:1:in `load_plugin'
	from /home/luis/.gem/ruby/1.8/gems/rails-1.2.3/lib/initializer.rb:401:in `load_plugin'
	from /var/lib/gems/1.8/gems/activesupport-1.4.2/lib/active_support/core_ext/kernel/reporting.rb:11:in `silence_warnings'
	from /home/luis/.gem/ruby/1.8/gems/rails-1.2.3/lib/initializer.rb:401:in `load_plugin'
	from /home/luis/.gem/ruby/1.8/gems/rails-1.2.3/lib/initializer.rb:185:in `load_plugins'
	from /home/luis/.gem/ruby/1.8/gems/rails-1.2.3/lib/initializer.rb:185:in `each'
	from /home/luis/.gem/ruby/1.8/gems/rails-1.2.3/lib/initializer.rb:185:in `load_plugins'
	from /home/luis/.gem/ruby/1.8/gems/rails-1.2.3/lib/initializer.rb:105:in `process'
	from /home/luis/.gem/ruby/1.8/gems/rails-1.2.3/lib/initializer.rb:43:in `send'
	from /home/luis/.gem/ruby/1.8/gems/rails-1.2.3/lib/initializer.rb:43:in `run'
	from /var/argus_development/argushidro/trunk/config/environment.rb:14
	from /usr/lib/ruby/1.8/rubygems/custom_require.rb:31:in `gem_original_require'
	from /usr/lib/ruby/1.8/rubygems/custom_require.rb:31:in `require'
	from /usr/lib/ruby/1.8/mongrel/rails.rb:147:in `rails'
	from /usr/bin/mongrel_rails:114:in `cloaker_'
	from /usr/lib/ruby/1.8/mongrel/configurator.rb:149:in `call'
	from /usr/lib/ruby/1.8/mongrel/configurator.rb:149:in `listener'
	from /usr/bin/mongrel_rails:100:in `cloaker_'
	from /usr/lib/ruby/1.8/mongrel/configurator.rb:50:in `call'
	from /usr/lib/ruby/1.8/mongrel/configurator.rb:50:in `initialize'
	from /usr/bin/mongrel_rails:85:in `new'
	from /usr/bin/mongrel_rails:85:in `run'
	from /usr/lib/ruby/1.8/mongrel/command.rb:212:in `run'
	from /usr/bin/mongrel_rails:282
** Daemonized, any open files are closed.  Look at log/mongrel.pid and log/mongrel.log for info.
** Starting Mongrel listening at 0.0.0.0:3443
** Starting Rails with development environment...
/var/argus_development/argushidro/trunk/config/boot.rb:26:Warning: Gem::SourceIndex#search support for String patterns is deprecated
/var/argus_development/argushidro/trunk/config/../vendor/plugins/activewarehouse/lib/active_warehouse.rb:33:in `alias_method': undefined method `require_gem' for module `Kernel' (NameError)
	from /var/argus_development/argushidro/trunk/config/../vendor/plugins/activewarehouse/lib/active_warehouse.rb:33:in `send'
	from /var/argus_development/argushidro/trunk/config/../vendor/plugins/activewarehouse/lib/active_warehouse.rb:33
	from /usr/lib/ruby/1.8/rubygems/custom_require.rb:31:in `gem_original_require'
	from /usr/lib/ruby/1.8/rubygems/custom_require.rb:31:in `require'
	from /var/lib/gems/1.8/gems/activesupport-1.4.2/lib/active_support/dependencies.rb:495:in `require'
	from /var/lib/gems/1.8/gems/activesupport-1.4.2/lib/active_support/dependencies.rb:342:in `new_constants_in'
	from /var/lib/gems/1.8/gems/activesupport-1.4.2/lib/active_support/dependencies.rb:495:in `require'
	from /var/argus_development/argushidro/trunk/config/../vendor/plugins/activewarehouse/init.rb:1:in `load_plugin'
	from /home/luis/.gem/ruby/1.8/gems/rails-1.2.3/lib/initializer.rb:401:in `load_plugin'
	from /var/lib/gems/1.8/gems/activesupport-1.4.2/lib/active_support/core_ext/kernel/reporting.rb:11:in `silence_warnings'
	from /home/luis/.gem/ruby/1.8/gems/rails-1.2.3/lib/initializer.rb:401:in `load_plugin'
	from /home/luis/.gem/ruby/1.8/gems/rails-1.2.3/lib/initializer.rb:185:in `load_plugins'
	from /home/luis/.gem/ruby/1.8/gems/rails-1.2.3/lib/initializer.rb:185:in `each'
	from /home/luis/.gem/ruby/1.8/gems/rails-1.2.3/lib/initializer.rb:185:in `load_plugins'
	from /home/luis/.gem/ruby/1.8/gems/rails-1.2.3/lib/initializer.rb:105:in `process'
	from /home/luis/.gem/ruby/1.8/gems/rails-1.2.3/lib/initializer.rb:43:in `send'
	from /home/luis/.gem/ruby/1.8/gems/rails-1.2.3/lib/initializer.rb:43:in `run'
	from /var/argus_development/argushidro/trunk/config/environment.rb:14
	from /usr/lib/ruby/1.8/rubygems/custom_require.rb:31:in `gem_original_require'
	from /usr/lib/ruby/1.8/rubygems/custom_require.rb:31:in `require'
	from /usr/lib/ruby/1.8/mongrel/rails.rb:147:in `rails'
	from /usr/bin/mongrel_rails:114:in `cloaker_'
	from /usr/lib/ruby/1.8/mongrel/configurator.rb:149:in `call'
	from /usr/lib/ruby/1.8/mongrel/configurator.rb:149:in `listener'
	from /usr/bin/mongrel_rails:100:in `cloaker_'
	from /usr/lib/ruby/1.8/mongrel/configurator.rb:50:in `call'
	from /usr/lib/ruby/1.8/mongrel/configurator.rb:50:in `initialize'
	from /usr/bin/mongrel_rails:85:in `new'
	from /usr/bin/mongrel_rails:85:in `run'
	from /usr/lib/ruby/1.8/mongrel/command.rb:212:in `run'
	from /usr/bin/mongrel_rails:282
** Daemonized, any open files are closed.  Look at log/mongrel.pid and log/mongrel.log for info.
** Starting Mongrel listening at 0.0.0.0:3443
** Starting Rails with development environment...
/var/argus_development/argushidro/trunk/config/boot.rb:26:Warning: Gem::SourceIndex#search support for String patterns is deprecated
** Rails loaded.
** Loading any Rails specific GemPlugins
** Signals ready.  TERM => stop.  USR2 => restart.  INT => stop (no restart).
** Rails signals registered.  HUP => reload (without restart).  It might not work well.
** Mongrel 1.1.5 available at 0.0.0.0:3443
** Writing PID file to log/mongrel.pid
** TERM signal received.
** Daemonized, any open files are closed.  Look at log/mongrel.pid and log/mongrel.log for info.
** Starting Mongrel listening at 0.0.0.0:3443
** Starting Rails with development environment...
/var/argus_development/argushidro/trunk/config/boot.rb:26:Warning: Gem::SourceIndex#search support for String patterns is deprecated
** Rails loaded.
** Loading any Rails specific GemPlugins
** Signals ready.  TERM => stop.  USR2 => restart.  INT => stop (no restart).
** Rails signals registered.  HUP => reload (without restart).  It might not work well.
** Mongrel 1.1.5 available at 0.0.0.0:3443
** Writing PID file to log/mongrel.pid
** TERM signal received.
** Daemonized, any open files are closed.  Look at log/mongrel.pid and log/mongrel.log for info.
** Starting Mongrel listening at 0.0.0.0:3443
** Starting Rails with development environment...
/var/argus_development/argushidro/trunk/config/boot.rb:26:Warning: Gem::SourceIndex#search support for String patterns is deprecated
** Rails loaded.
** Loading any Rails specific GemPlugins
** Signals ready.  TERM => stop.  USR2 => restart.  INT => stop (no restart).
** Rails signals registered.  HUP => reload (without restart).  It might not work well.
** Mongrel 1.1.5 available at 0.0.0.0:3443
** Writing PID file to log/mongrel.pid
** TERM signal received.
** Daemonized, any open files are closed.  Look at log/mongrel.pid and log/mongrel.log for info.
** Starting Mongrel listening at 0.0.0.0:3443
** Starting Rails with development environment...
/var/argus_development/argushidro/trunk/config/boot.rb:26:Warning: Gem::SourceIndex#search support for String patterns is deprecated
** Rails loaded.
** Loading any Rails specific GemPlugins
** Signals ready.  TERM => stop.  USR2 => restart.  INT => stop (no restart).
** Rails signals registered.  HUP => reload (without restart).  It might not work well.
** Mongrel 1.1.5 available at 0.0.0.0:3443
** Writing PID file to log/mongrel.pid
** TERM signal received.
** Daemonized, any open files are closed.  Look at log/mongrel.pid and log/mongrel.log for info.
** Starting Mongrel listening at 0.0.0.0:3443
** Starting Rails with development environment...
/var/argus_development/argushidro/trunk/config/boot.rb:26:Warning: Gem::SourceIndex#search support for String patterns is deprecated
** Rails loaded.
** Loading any Rails specific GemPlugins
** Signals ready.  TERM => stop.  USR2 => restart.  INT => stop (no restart).
** Rails signals registered.  HUP => reload (without restart).  It might not work well.
** Mongrel 1.1.5 available at 0.0.0.0:3443
** Writing PID file to log/mongrel.pid
** TERM signal received.
** Daemonized, any open files are closed.  Look at log/mongrel.pid and log/mongrel.log for info.
** Starting Mongrel listening at 0.0.0.0:3443
** Starting Rails with development environment...
/var/argus_development/argushidro/trunk/config/boot.rb:26:Warning: Gem::SourceIndex#search support for String patterns is deprecated
** Rails loaded.
** Loading any Rails specific GemPlugins
** Signals ready.  TERM => stop.  USR2 => restart.  INT => stop (no restart).
** Rails signals registered.  HUP => reload (without restart).  It might not work well.
** Mongrel 1.1.5 available at 0.0.0.0:3443
** Writing PID file to log/mongrel.pid
** TERM signal received.
** Daemonized, any open files are closed.  Look at log/mongrel.pid and log/mongrel.log for info.
** Starting Mongrel listening at 0.0.0.0:3443
** Starting Rails with development environment...
/var/argus_development/argushidro/trunk/config/boot.rb:26:Warning: Gem::SourceIndex#search support for String patterns is deprecated
** Rails loaded.
** Loading any Rails specific GemPlugins
** Signals ready.  TERM => stop.  USR2 => restart.  INT => stop (no restart).
** Rails signals registered.  HUP => reload (without restart).  It might not work well.
** Mongrel 1.1.5 available at 0.0.0.0:3443
** Writing PID file to log/mongrel.pid
** TERM signal received.
** Daemonized, any open files are closed.  Look at log/mongrel.pid and log/mongrel.log for info.
** Starting Mongrel listening at 0.0.0.0:3443
** Starting Rails with development environment...
/var/argus_development/argushidro/trunk/config/boot.rb:26:Warning: Gem::SourceIndex#search support for String patterns is deprecated
** Rails loaded.
** Loading any Rails specific GemPlugins
** Signals ready.  TERM => stop.  USR2 => restart.  INT => stop (no restart).
** Rails signals registered.  HUP => reload (without restart).  It might not work well.
** Mongrel 1.1.5 available at 0.0.0.0:3443
** Writing PID file to log/mongrel.pid
** TERM signal received.
** Daemonized, any open files are closed.  Look at log/mongrel.pid and log/mongrel.log for info.
** Starting Mongrel listening at 0.0.0.0:3443
** Starting Rails with development environment...
/var/argus_development/argushidro/trunk/config/boot.rb:26:Warning: Gem::SourceIndex#search support for String patterns is deprecated
** Rails loaded.
** Loading any Rails specific GemPlugins
** Signals ready.  TERM => stop.  USR2 => restart.  INT => stop (no restart).
** Rails signals registered.  HUP => reload (without restart).  It might not work well.
** Mongrel 1.1.5 available at 0.0.0.0:3443
** Writing PID file to log/mongrel.pid
** TERM signal received.
** Daemonized, any open files are closed.  Look at log/mongrel.pid and log/mongrel.log for info.
** Starting Mongrel listening at 0.0.0.0:3445
** Starting Rails with development environment...
/var/argus_development/argushidro/trunk/config/boot.rb:26:Warning: Gem::SourceIndex#search support for String patterns is deprecated
** Rails loaded.
** Loading any Rails specific GemPlugins
** Signals ready.  TERM => stop.  USR2 => restart.  INT => stop (no restart).
** Rails signals registered.  HUP => reload (without restart).  It might not work well.
** Mongrel 1.1.5 available at 0.0.0.0:3445
** Writing PID file to log/mongrel.pid
** TERM signal received.
** Daemonized, any open files are closed.  Look at log/mongrel.pid and log/mongrel.log for info.
** Starting Mongrel listening at 0.0.0.0:3445
** Starting Rails with development environment...
/var/argus_development/argushidro/trunk/config/boot.rb:26:Warning: Gem::SourceIndex#search support for String patterns is deprecated
** Rails loaded.
** Loading any Rails specific GemPlugins
** Signals ready.  TERM => stop.  USR2 => restart.  INT => stop (no restart).
** Rails signals registered.  HUP => reload (without restart).  It might not work well.
** Mongrel 1.1.5 available at 0.0.0.0:3445
** Writing PID file to log/mongrel.pid
** TERM signal received.
** Daemonized, any open files are closed.  Look at log/mongrel.pid and log/mongrel.log for info.
** Starting Mongrel listening at 0.0.0.0:3445
** Starting Rails with development environment...
/var/argus_development/argushidro/trunk/config/boot.rb:26:Warning: Gem::SourceIndex#search support for String patterns is deprecated
** Rails loaded.
** Loading any Rails specific GemPlugins
** Signals ready.  TERM => stop.  USR2 => restart.  INT => stop (no restart).
** Rails signals registered.  HUP => reload (without restart).  It might not work well.
** Mongrel 1.1.5 available at 0.0.0.0:3445
** Writing PID file to log/mongrel.pid
** TERM signal received.
** Daemonized, any open files are closed.  Look at log/mongrel.pid and log/mongrel.log for info.
** Starting Mongrel listening at 0.0.0.0:3445
** Starting Rails with development environment...
/var/argus_development/argushidro/trunk/config/boot.rb:26:Warning: Gem::SourceIndex#search support for String patterns is deprecated
** Rails loaded.
** Loading any Rails specific GemPlugins
** Signals ready.  TERM => stop.  USR2 => restart.  INT => stop (no restart).
** Rails signals registered.  HUP => reload (without restart).  It might not work well.
** Mongrel 1.1.5 available at 0.0.0.0:3445
** Writing PID file to log/mongrel.pid
** TERM signal received.
** Daemonized, any open files are closed.  Look at log/mongrel.pid and log/mongrel.log for info.
** Starting Mongrel listening at 0.0.0.0:3445
** Starting Rails with development environment...
/var/argus_development/argushidro/trunk/config/boot.rb:26:Warning: Gem::SourceIndex#search support for String patterns is deprecated
** Rails loaded.
** Loading any Rails specific GemPlugins
** Signals ready.  TERM => stop.  USR2 => restart.  INT => stop (no restart).
** Rails signals registered.  HUP => reload (without restart).  It might not work well.
** Mongrel 1.1.5 available at 0.0.0.0:3445
** Writing PID file to log/mongrel.pid
** TERM signal received.
** Daemonized, any open files are closed.  Look at log/mongrel.pid and log/mongrel.log for info.
** Starting Mongrel listening at 0.0.0.0:3445
** Starting Rails with development environment...
/var/argus_development/argushidro/trunk/config/boot.rb:26:Warning: Gem::SourceIndex#search support for String patterns is deprecated
** Rails loaded.
** Loading any Rails specific GemPlugins
** Signals ready.  TERM => stop.  USR2 => restart.  INT => stop (no restart).
** Rails signals registered.  HUP => reload (without restart).  It might not work well.
** Mongrel 1.1.5 available at 0.0.0.0:3445
** Writing PID file to log/mongrel.pid
** TERM signal received.
** Daemonized, any open files are closed.  Look at log/mongrel.pid and log/mongrel.log for info.
** Starting Mongrel listening at 0.0.0.0:3445
** Starting Rails with development environment...
/var/argus_development/argushidro/trunk/config/boot.rb:26:Warning: Gem::SourceIndex#search support for String patterns is deprecated
** Rails loaded.
** Loading any Rails specific GemPlugins
** Signals ready.  TERM => stop.  USR2 => restart.  INT => stop (no restart).
** Rails signals registered.  HUP => reload (without restart).  It might not work well.
** Mongrel 1.1.5 available at 0.0.0.0:3445
** Writing PID file to log/mongrel.pid
** TERM signal received.
** Daemonized, any open files are closed.  Look at log/mongrel.pid and log/mongrel.log for info.
** Starting Mongrel listening at 0.0.0.0:3445
** Starting Rails with development environment...
/var/argus_development/argushidro/trunk/config/boot.rb:26:Warning: Gem::SourceIndex#search support for String patterns is deprecated
** Rails loaded.
** Loading any Rails specific GemPlugins
** Signals ready.  TERM => stop.  USR2 => restart.  INT => stop (no restart).
** Rails signals registered.  HUP => reload (without restart).  It might not work well.
** Mongrel 1.1.5 available at 0.0.0.0:3445
** Writing PID file to log/mongrel.pid
** TERM signal received.
